0 info it worked if it ends with ok
1 verbose cli [ '/usr/bin/nodejs', '/usr/bin/npm', 'install', '-g', 'bower' ]
2 info using npm@1.3.10
3 info using node@v0.10.25
4 verbose cache add [ 'bower', null ]
5 verbose cache add name=undefined spec="bower" args=["bower",null]
6 verbose parsed url { protocol: null,
6 verbose parsed url   slashes: null,
6 verbose parsed url   auth: null,
6 verbose parsed url   host: null,
6 verbose parsed url   port: null,
6 verbose parsed url   hostname: null,
6 verbose parsed url   hash: null,
6 verbose parsed url   search: null,
6 verbose parsed url   query: null,
6 verbose parsed url   pathname: 'bower',
6 verbose parsed url   path: 'bower',
6 verbose parsed url   href: 'bower' }
7 silly lockFile 206e3ce5-bower bower
8 verbose lock bower /home/tanmoy/.npm/206e3ce5-bower.lock
9 silly lockFile 206e3ce5-bower bower
10 silly lockFile 206e3ce5-bower bower
11 verbose addNamed [ 'bower', '' ]
12 verbose addNamed [ null, '*' ]
13 silly lockFile 1240aab1-bower bower@
14 verbose lock bower@ /home/tanmoy/.npm/1240aab1-bower.lock
15 silly addNameRange { name: 'bower', range: '*', hasData: false }
16 verbose url raw bower
17 verbose url resolving [ 'https://registry.npmjs.org/', './bower' ]
18 verbose url resolved https://registry.npmjs.org/bower
19 info trying registry request attempt 1 at 18:11:25
20 http GET https://registry.npmjs.org/bower
21 info retry will retry, error on last attempt: Error: tunneling socket could not be established, cause=139736994686848:error:140770FC:SSL routines:SSL23_GET_SERVER_HELLO:unknown protocol:s23_clnt.c:795:
22 info trying registry request attempt 2 at 18:11:35
23 http GET https://registry.npmjs.org/bower
24 info retry will retry, error on last attempt: Error: tunneling socket could not be established, cause=139736994686848:error:140770FC:SSL routines:SSL23_GET_SERVER_HELLO:unknown protocol:s23_clnt.c:795:
25 info trying registry request attempt 3 at 18:12:35
26 http GET https://registry.npmjs.org/bower
27 silly lockFile 1240aab1-bower bower@
28 silly lockFile 1240aab1-bower bower@
29 error network tunneling socket could not be established, cause=139736994686848:error:140770FC:SSL routines:SSL23_GET_SERVER_HELLO:unknown protocol:s23_clnt.c:795:
29 error network
29 error network This is most likely not a problem with npm itself
29 error network and is related to network connectivity.
29 error network In most cases you are behind a proxy or have bad network settings.
29 error network
29 error network If you are behind a proxy, please make sure that the
29 error network 'proxy' config is set properly.  See: 'npm help config'
30 error System Linux 3.13.0-43-generic
31 error command "/usr/bin/nodejs" "/usr/bin/npm" "install" "-g" "bower"
32 error cwd /home/tanmoy/djanpro/mysite
33 error node -v v0.10.25
34 error npm -v 1.3.10
35 error code ECONNRESET
36 verbose exit [ 1, true ]
